<?xml version="1.0" encoding="UTF-8"?>
<coverage generated="1582844473491" clover="3.2.0">
  <project timestamp="1582844473491" name="All files">
    <metrics statements="44" coveredstatements="41" conditionals="62" coveredconditionals="54" methods="17" coveredmethods="16" elements="123" coveredelements="111" complexity="0" loc="44" ncloc="44" packages="1" files="1" classes="1"/>
    <file name="index.tsx" path="/home/vagner/mui2-swipeable-list-item/src/index.tsx">
      <metrics statements="44" coveredstatements="41" conditionals="62" coveredconditionals="54" methods="17" coveredmethods="16"/>
      <line num="1" count="1" type="stmt"/>
      <line num="2" count="1" type="stmt"/>
      <line num="16" count="6" type="stmt"/>
      <line num="67" count="1" type="stmt"/>
      <line num="84" count="20" type="stmt"/>
      <line num="85" count="20" type="stmt"/>
      <line num="86" count="20" type="stmt"/>
      <line num="87" count="20" type="stmt"/>
      <line num="97" count="20" type="stmt"/>
      <line num="100" count="4" type="stmt"/>
      <line num="101" count="4" type="stmt"/>
      <line num="102" count="4" type="stmt"/>
      <line num="112" count="4" type="cond" truecount="1" falsecount="1"/>
      <line num="113" count="4" type="stmt"/>
      <line num="117" count="4" type="cond" truecount="4" falsecount="0"/>
      <line num="118" count="2" type="stmt"/>
      <line num="123" count="2" type="cond" truecount="4" falsecount="0"/>
      <line num="124" count="1" type="stmt"/>
      <line num="129" count="1" type="stmt"/>
      <line num="135" count="4" type="stmt"/>
      <line num="136" count="4" type="stmt"/>
      <line num="137" count="4" type="cond" truecount="2" falsecount="0"/>
      <line num="138" count="3" type="stmt"/>
      <line num="143" count="1" type="cond" truecount="1" falsecount="1"/>
      <line num="144" count="1" type="stmt"/>
      <line num="153" count="2" type="stmt"/>
      <line num="154" count="2" type="stmt"/>
      <line num="155" count="2" type="cond" truecount="1" falsecount="1"/>
      <line num="156" count="2" type="cond" truecount="1" falsecount="1"/>
      <line num="163" count="0" type="stmt"/>
      <line num="164" count="0" type="cond" truecount="0" falsecount="2"/>
      <line num="165" count="0" type="stmt"/>
      <line num="170" count="2" type="cond" truecount="2" falsecount="0"/>
      <line num="176" count="1" type="stmt"/>
      <line num="177" count="1" type="stmt"/>
      <line num="183" count="1" type="stmt"/>
      <line num="190" count="20" type="stmt"/>
      <line num="192" count="20" type="stmt"/>
      <line num="193" count="20" type="stmt"/>
      <line num="194" count="20" type="cond" truecount="2" falsecount="0"/>
      <line num="195" count="14" type="stmt"/>
      <line num="197" count="6" type="stmt"/>
      <line num="200" count="20" type="stmt"/>
      <line num="262" count="1" type="stmt"/>
    </file>
  </project>
</coverage>
