{"/Users/vagner/mui-swipeable-list-item/src/index.tsx": {"path":"/Users/vagner/mui-swipeable-list-item/src/index.tsx","statementMap":{"0":{"start":{"line":1,"column":0},"end":{"line":1,"column":66}},"1":{"start":{"line":2,"column":0},"end":{"line":2,"column":null}},"2":{"start":{"line":16,"column":18},"end":{"line":46,"column":3}},"3":{"start":{"line":16,"column":36},"end":{"line":46,"column":2}},"4":{"start":{"line":71,"column":54},"end":{"line":266,"column":1}},"5":{"start":{"line":88,"column":18},"end":{"line":88,"column":29}},"6":{"start":{"line":89,"column":59},"end":{"line":89,"column":66}},"7":{"start":{"line":90,"column":24},"end":{"line":90,"column":75}},"8":{"start":{"line":91,"column":28},"end":{"line":99,"column":4}},"9":{"start":{"line":101,"column":48},"end":{"line":101,"column":61}},"10":{"start":{"line":103,"column":77},"end":{"line":103,"column":82}},"11":{"start":{"line":106,"column":18},"end":{"line":106,"column":34}},"12":{"start":{"line":107,"column":24},"end":{"line":107,"column":29}},"13":{"start":{"line":108,"column":4},"end":{"line":114,"column":8}},"14":{"start":{"line":108,"column":27},"end":{"line":114,"column":6}},"15":{"start":{"line":118,"column":4},"end":{"line":137,"column":null}},"16":{"start":{"line":119,"column":6},"end":{"line":122,"column":10}},"17":{"start":{"line":119,"column":29},"end":{"line":122,"column":8}},"18":{"start":{"line":123,"column":6},"end":{"line":136,"column":null}},"19":{"start":{"line":124,"column":8},"end":{"line":128,"column":12}},"20":{"start":{"line":124,"column":31},"end":{"line":128,"column":10}},"21":{"start":{"line":129,"column":13},"end":{"line":136,"column":null}},"22":{"start":{"line":130,"column":8},"end":{"line":133,"column":12}},"23":{"start":{"line":130,"column":31},"end":{"line":133,"column":10}},"24":{"start":{"line":135,"column":8},"end":{"line":135,"column":59}},"25":{"start":{"line":135,"column":31},"end":{"line":135,"column":56}},"26":{"start":{"line":141,"column":18},"end":{"line":141,"column":34}},"27":{"start":{"line":142,"column":20},"end":{"line":142,"column":46}},"28":{"start":{"line":143,"column":4},"end":{"line":155,"column":null}},"29":{"start":{"line":144,"column":6},"end":{"line":148,"column":10}},"30":{"start":{"line":144,"column":29},"end":{"line":148,"column":8}},"31":{"start":{"line":149,"column":11},"end":{"line":155,"column":null}},"32":{"start":{"line":150,"column":6},"end":{"line":154,"column":10}},"33":{"start":{"line":150,"column":29},"end":{"line":154,"column":8}},"34":{"start":{"line":159,"column":4},"end":{"line":159,"column":20}},"35":{"start":{"line":160,"column":29},"end":{"line":160,"column":34}},"36":{"start":{"line":161,"column":26},"end":{"line":161,"column":81}},"37":{"start":{"line":162,"column":4},"end":{"line":193,"column":null}},"38":{"start":{"line":169,"column":6},"end":{"line":169,"column":26}},"39":{"start":{"line":170,"column":6},"end":{"line":175,"column":12}},"40":{"start":{"line":171,"column":8},"end":{"line":175,"column":12}},"41":{"start":{"line":171,"column":31},"end":{"line":175,"column":10}},"42":{"start":{"line":176,"column":11},"end":{"line":193,"column":null}},"43":{"start":{"line":182,"column":6},"end":{"line":182,"column":27}},"44":{"start":{"line":183,"column":6},"end":{"line":187,"column":10}},"45":{"start":{"line":183,"column":29},"end":{"line":187,"column":8}},"46":{"start":{"line":189,"column":6},"end":{"line":192,"column":10}},"47":{"start":{"line":189,"column":29},"end":{"line":192,"column":8}},"48":{"start":{"line":196,"column":89},"end":{"line":196,"column":99}},"49":{"start":{"line":198,"column":21},"end":{"line":204,"column":3}},"50":{"start":{"line":199,"column":20},"end":{"line":199,"column":65}},"51":{"start":{"line":200,"column":4},"end":{"line":202,"column":null}},"52":{"start":{"line":201,"column":6},"end":{"line":201,"column":21}},"53":{"start":{"line":203,"column":4},"end":{"line":203,"column":13}},"54":{"start":{"line":206,"column":2},"end":{"line":265,"column":4}},"55":{"start":{"line":268,"column":0},"end":{"line":268,"column":33}}},"fnMap":{"0":{"name":"(anonymous_6)","decl":{"start":{"line":16,"column":29},"end":{"line":16,"column":32}},"loc":{"start":{"line":16,"column":36},"end":{"line":46,"column":2}}},"1":{"name":"(anonymous_7)","decl":{"start":{"line":71,"column":54},"end":{"line":71,"column":55}},"loc":{"start":{"line":87,"column":5},"end":{"line":266,"column":1}}},"2":{"name":"onDragStartTouch","decl":{"start":{"line":105,"column":11},"end":{"line":105,"column":27}},"loc":{"start":{"line":105,"column":51},"end":{"line":115,"column":3}}},"3":{"name":"(anonymous_9)","decl":{"start":{"line":108,"column":13},"end":{"line":108,"column":22}},"loc":{"start":{"line":108,"column":27},"end":{"line":114,"column":6}}},"4":{"name":"onDragEndTouch","decl":{"start":{"line":117,"column":11},"end":{"line":117,"column":25}},"loc":{"start":{"line":117,"column":25},"end":{"line":138,"column":3}}},"5":{"name":"(anonymous_11)","decl":{"start":{"line":119,"column":15},"end":{"line":119,"column":24}},"loc":{"start":{"line":119,"column":29},"end":{"line":122,"column":8}}},"6":{"name":"(anonymous_12)","decl":{"start":{"line":124,"column":17},"end":{"line":124,"column":26}},"loc":{"start":{"line":124,"column":31},"end":{"line":128,"column":10}}},"7":{"name":"(anonymous_13)","decl":{"start":{"line":130,"column":17},"end":{"line":130,"column":26}},"loc":{"start":{"line":130,"column":31},"end":{"line":133,"column":10}}},"8":{"name":"(anonymous_14)","decl":{"start":{"line":135,"column":17},"end":{"line":135,"column":26}},"loc":{"start":{"line":135,"column":31},"end":{"line":135,"column":56}}},"9":{"name":"onTouchMove","decl":{"start":{"line":140,"column":11},"end":{"line":140,"column":22}},"loc":{"start":{"line":140,"column":46},"end":{"line":156,"column":3}}},"10":{"name":"(anonymous_16)","decl":{"start":{"line":144,"column":15},"end":{"line":144,"column":24}},"loc":{"start":{"line":144,"column":29},"end":{"line":148,"column":8}}},"11":{"name":"(anonymous_17)","decl":{"start":{"line":150,"column":15},"end":{"line":150,"column":24}},"loc":{"start":{"line":150,"column":29},"end":{"line":154,"column":8}}},"12":{"name":"onTransitionEnd","decl":{"start":{"line":158,"column":11},"end":{"line":158,"column":26}},"loc":{"start":{"line":158,"column":55},"end":{"line":194,"column":3}}},"13":{"name":"(anonymous_19)","decl":{"start":{"line":171,"column":17},"end":{"line":171,"column":26}},"loc":{"start":{"line":171,"column":31},"end":{"line":175,"column":10}}},"14":{"name":"(anonymous_20)","decl":{"start":{"line":183,"column":15},"end":{"line":183,"column":24}},"loc":{"start":{"line":183,"column":29},"end":{"line":187,"column":8}}},"15":{"name":"(anonymous_21)","decl":{"start":{"line":189,"column":15},"end":{"line":189,"column":24}},"loc":{"start":{"line":189,"column":29},"end":{"line":192,"column":8}}},"16":{"name":"(anonymous_22)","decl":{"start":{"line":198,"column":21},"end":{"line":198,"column":32}},"loc":{"start":{"line":198,"column":34},"end":{"line":204,"column":3}}}},"branchMap":{"0":{"loc":{"start":{"line":74,"column":27},"end":{"line":74,"column":32}},"type":"default-arg","locations":[{"start":{"line":74,"column":27},"end":{"line":74,"column":32}}]},"1":{"loc":{"start":{"line":76,"column":24},"end":{"line":76,"column":26}},"type":"default-arg","locations":[{"start":{"line":76,"column":24},"end":{"line":76,"column":26}}]},"2":{"loc":{"start":{"line":77,"column":22},"end":{"line":77,"column":24}},"type":"default-arg","locations":[{"start":{"line":77,"column":22},"end":{"line":77,"column":24}}]},"3":{"loc":{"start":{"line":78,"column":18},"end":{"line":78,"column":20}},"type":"default-arg","locations":[{"start":{"line":78,"column":18},"end":{"line":78,"column":20}}]},"4":{"loc":{"start":{"line":79,"column":33},"end":{"line":79,"column":35}},"type":"default-arg","locations":[{"start":{"line":79,"column":33},"end":{"line":79,"column":35}}]},"5":{"loc":{"start":{"line":80,"column":22},"end":{"line":80,"column":24}},"type":"default-arg","locations":[{"start":{"line":80,"column":22},"end":{"line":80,"column":24}}]},"6":{"loc":{"start":{"line":86,"column":14},"end":{"line":86,"column":17}},"type":"default-arg","locations":[{"start":{"line":86,"column":14},"end":{"line":86,"column":17}}]},"7":{"loc":{"start":{"line":118,"column":4},"end":{"line":137,"column":null}},"type":"if","locations":[{"start":{"line":118,"column":4},"end":{"line":137,"column":null}},{"start":{"line":118,"column":4},"end":{"line":137,"column":null}}]},"8":{"loc":{"start":{"line":123,"column":6},"end":{"line":136,"column":null}},"type":"if","locations":[{"start":{"line":123,"column":6},"end":{"line":136,"column":null}},{"start":{"line":123,"column":6},"end":{"line":136,"column":null}}]},"9":{"loc":{"start":{"line":129,"column":13},"end":{"line":136,"column":null}},"type":"if","locations":[{"start":{"line":129,"column":13},"end":{"line":136,"column":null}},{"start":{"line":129,"column":13},"end":{"line":136,"column":null}}]},"10":{"loc":{"start":{"line":143,"column":4},"end":{"line":155,"column":null}},"type":"if","locations":[{"start":{"line":143,"column":4},"end":{"line":155,"column":null}},{"start":{"line":143,"column":4},"end":{"line":155,"column":null}}]},"11":{"loc":{"start":{"line":149,"column":11},"end":{"line":155,"column":null}},"type":"if","locations":[{"start":{"line":149,"column":11},"end":{"line":155,"column":null}},{"start":{"line":149,"column":11},"end":{"line":155,"column":null}}]},"12":{"loc":{"start":{"line":161,"column":26},"end":{"line":161,"column":48}},"type":"binary-expr","locations":[{"start":{"line":161,"column":26},"end":{"line":161,"column":48}},{"start":{"line":161,"column":52},"end":{"line":161,"column":81}}]},"13":{"loc":{"start":{"line":162,"column":4},"end":{"line":193,"column":null}},"type":"if","locations":[{"start":{"line":162,"column":4},"end":{"line":193,"column":null}},{"start":{"line":162,"column":4},"end":{"line":193,"column":null}}]},"14":{"loc":{"start":{"line":163,"column":6},"end":{"line":163,"column":21}},"type":"binary-expr","locations":[{"start":{"line":163,"column":6},"end":{"line":163,"column":21}},{"start":{"line":164,"column":6},"end":{"line":164,"column":19}},{"start":{"line":165,"column":6},"end":{"line":165,"column":14}},{"start":{"line":166,"column":6},"end":{"line":166,"column":27}},{"start":{"line":167,"column":6},"end":{"line":167,"column":63}}]},"15":{"loc":{"start":{"line":170,"column":6},"end":{"line":175,"column":12}},"type":"if","locations":[{"start":{"line":170,"column":6},"end":{"line":175,"column":12}},{"start":{"line":170,"column":6},"end":{"line":175,"column":12}}]},"16":{"loc":{"start":{"line":176,"column":11},"end":{"line":193,"column":null}},"type":"if","locations":[{"start":{"line":176,"column":11},"end":{"line":193,"column":null}},{"start":{"line":176,"column":11},"end":{"line":193,"column":null}}]},"17":{"loc":{"start":{"line":177,"column":6},"end":{"line":177,"column":22}},"type":"binary-expr","locations":[{"start":{"line":177,"column":6},"end":{"line":177,"column":22}},{"start":{"line":178,"column":6},"end":{"line":178,"column":14}},{"start":{"line":179,"column":6},"end":{"line":179,"column":27}},{"start":{"line":180,"column":6},"end":{"line":180,"column":58}}]},"18":{"loc":{"start":{"line":200,"column":4},"end":{"line":202,"column":null}},"type":"if","locations":[{"start":{"line":200,"column":4},"end":{"line":202,"column":null}},{"start":{"line":200,"column":4},"end":{"line":202,"column":null}}]},"19":{"loc":{"start":{"line":213,"column":47},"end":{"line":213,"column":63}},"type":"cond-expr","locations":[{"start":{"line":213,"column":47},"end":{"line":213,"column":63}},{"start":{"line":213,"column":66},"end":{"line":213,"column":75}}]},"20":{"loc":{"start":{"line":221,"column":47},"end":{"line":221,"column":66}},"type":"cond-expr","locations":[{"start":{"line":221,"column":47},"end":{"line":221,"column":66}},{"start":{"line":221,"column":69},"end":{"line":221,"column":89}}]},"21":{"loc":{"start":{"line":222,"column":46},"end":{"line":222,"column":56}},"type":"cond-expr","locations":[{"start":{"line":222,"column":46},"end":{"line":222,"column":56}},{"start":{"line":222,"column":59},"end":{"line":222,"column":71}}]},"22":{"loc":{"start":{"line":226,"column":29},"end":{"line":226,"column":43}},"type":"cond-expr","locations":[{"start":{"line":226,"column":29},"end":{"line":226,"column":43}},{"start":{"line":226,"column":46},"end":{"line":226,"column":61}}]},"23":{"loc":{"start":{"line":242,"column":11},"end":{"line":242,"column":19}},"type":"binary-expr","locations":[{"start":{"line":242,"column":11},"end":{"line":242,"column":19}},{"start":{"line":243,"column":12},"end":{"line":244,"column":null}}]},"24":{"loc":{"start":{"line":247,"column":11},"end":{"line":247,"column":17}},"type":"binary-expr","locations":[{"start":{"line":247,"column":11},"end":{"line":247,"column":17}},{"start":{"line":248,"column":12},"end":{"line":249,"column":null}}]},"25":{"loc":{"start":{"line":253,"column":11},"end":{"line":253,"column":26}},"type":"binary-expr","locations":[{"start":{"line":253,"column":11},"end":{"line":253,"column":26}},{"start":{"line":254,"column":12},"end":{"line":259,"column":null}}]},"26":{"loc":{"start":{"line":257,"column":57},"end":{"line":257,"column":63}},"type":"cond-expr","locations":[{"start":{"line":257,"column":57},"end":{"line":257,"column":63}},{"start":{"line":257,"column":66},"end":{"line":257,"column":73}}]},"27":{"loc":{"start":{"line":257,"column":32},"end":{"line":257,"column":39}},"type":"binary-expr","locations":[{"start":{"line":257,"column":32},"end":{"line":257,"column":39}},{"start":{"line":257,"column":43},"end":{"line":257,"column":54}}]}},"s":{"0":1,"1":1,"2":1,"3":6,"4":1,"5":22,"6":22,"7":22,"8":22,"9":22,"10":22,"11":4,"12":4,"13":4,"14":4,"15":4,"16":4,"17":4,"18":4,"19":2,"20":2,"21":2,"22":1,"23":1,"24":1,"25":1,"26":4,"27":4,"28":4,"29":3,"30":3,"31":1,"32":1,"33":1,"34":4,"35":4,"36":4,"37":4,"38":1,"39":1,"40":1,"41":1,"42":3,"43":1,"44":1,"45":1,"46":2,"47":2,"48":22,"49":22,"50":22,"51":22,"52":15,"53":7,"54":22,"55":1},"f":{"0":6,"1":22,"2":4,"3":4,"4":4,"5":4,"6":2,"7":1,"8":1,"9":4,"10":3,"11":1,"12":4,"13":1,"14":1,"15":2,"16":22},"b":{"0":[6],"1":[22],"2":[22],"3":[22],"4":[22],"5":[22],"6":[22],"7":[4,0],"8":[2,2],"9":[1,1],"10":[3,1],"11":[1,0],"12":[4,1],"13":[1,3],"14":[4,3,2,2,2],"15":[1,0],"16":[1,2],"17":[3,1,1,1],"18":[15,7],"19":[6,16],"20":[19,3],"21":[19,3],"22":[19,3],"23":[22,1],"24":[22,1],"25":[22,6],"26":[3,3],"27":[6,4]}}
}
