{"/Users/vagner/mui-swipeable-list-item/src/index.tsx": {"path":"/Users/vagner/mui-swipeable-list-item/src/index.tsx","statementMap":{"0":{"start":{"line":1,"column":0},"end":{"line":1,"column":66}},"1":{"start":{"line":2,"column":0},"end":{"line":2,"column":null}},"2":{"start":{"line":16,"column":18},"end":{"line":46,"column":3}},"3":{"start":{"line":16,"column":36},"end":{"line":46,"column":2}},"4":{"start":{"line":71,"column":54},"end":{"line":265,"column":1}},"5":{"start":{"line":88,"column":18},"end":{"line":88,"column":29}},"6":{"start":{"line":89,"column":59},"end":{"line":89,"column":66}},"7":{"start":{"line":90,"column":24},"end":{"line":90,"column":75}},"8":{"start":{"line":91,"column":28},"end":{"line":99,"column":4}},"9":{"start":{"line":101,"column":48},"end":{"line":101,"column":61}},"10":{"start":{"line":103,"column":77},"end":{"line":103,"column":82}},"11":{"start":{"line":106,"column":18},"end":{"line":106,"column":34}},"12":{"start":{"line":107,"column":24},"end":{"line":107,"column":29}},"13":{"start":{"line":108,"column":4},"end":{"line":114,"column":8}},"14":{"start":{"line":108,"column":29},"end":{"line":114,"column":6}},"15":{"start":{"line":118,"column":4},"end":{"line":137,"column":null}},"16":{"start":{"line":119,"column":6},"end":{"line":122,"column":10}},"17":{"start":{"line":119,"column":31},"end":{"line":122,"column":8}},"18":{"start":{"line":123,"column":6},"end":{"line":136,"column":null}},"19":{"start":{"line":124,"column":8},"end":{"line":128,"column":12}},"20":{"start":{"line":124,"column":33},"end":{"line":128,"column":10}},"21":{"start":{"line":129,"column":13},"end":{"line":136,"column":null}},"22":{"start":{"line":130,"column":8},"end":{"line":133,"column":12}},"23":{"start":{"line":130,"column":33},"end":{"line":133,"column":10}},"24":{"start":{"line":135,"column":8},"end":{"line":135,"column":61}},"25":{"start":{"line":135,"column":33},"end":{"line":135,"column":58}},"26":{"start":{"line":141,"column":18},"end":{"line":141,"column":34}},"27":{"start":{"line":142,"column":20},"end":{"line":142,"column":46}},"28":{"start":{"line":143,"column":4},"end":{"line":155,"column":null}},"29":{"start":{"line":144,"column":6},"end":{"line":148,"column":10}},"30":{"start":{"line":144,"column":31},"end":{"line":148,"column":8}},"31":{"start":{"line":149,"column":11},"end":{"line":155,"column":null}},"32":{"start":{"line":150,"column":6},"end":{"line":154,"column":10}},"33":{"start":{"line":150,"column":31},"end":{"line":154,"column":8}},"34":{"start":{"line":159,"column":4},"end":{"line":159,"column":20}},"35":{"start":{"line":160,"column":29},"end":{"line":160,"column":34}},"36":{"start":{"line":161,"column":26},"end":{"line":161,"column":81}},"37":{"start":{"line":162,"column":4},"end":{"line":182,"column":null}},"38":{"start":{"line":163,"column":6},"end":{"line":163,"column":26}},"39":{"start":{"line":164,"column":6},"end":{"line":169,"column":12}},"40":{"start":{"line":165,"column":8},"end":{"line":169,"column":12}},"41":{"start":{"line":165,"column":33},"end":{"line":169,"column":10}},"42":{"start":{"line":170,"column":11},"end":{"line":182,"column":null}},"43":{"start":{"line":171,"column":6},"end":{"line":171,"column":27}},"44":{"start":{"line":172,"column":6},"end":{"line":176,"column":10}},"45":{"start":{"line":172,"column":31},"end":{"line":176,"column":8}},"46":{"start":{"line":178,"column":6},"end":{"line":181,"column":10}},"47":{"start":{"line":178,"column":31},"end":{"line":181,"column":8}},"48":{"start":{"line":185,"column":89},"end":{"line":185,"column":99}},"49":{"start":{"line":187,"column":21},"end":{"line":193,"column":3}},"50":{"start":{"line":188,"column":20},"end":{"line":188,"column":65}},"51":{"start":{"line":189,"column":4},"end":{"line":191,"column":null}},"52":{"start":{"line":190,"column":6},"end":{"line":190,"column":21}},"53":{"start":{"line":192,"column":4},"end":{"line":192,"column":13}},"54":{"start":{"line":195,"column":2},"end":{"line":264,"column":4}},"55":{"start":{"line":267,"column":0},"end":{"line":267,"column":33}}},"fnMap":{"0":{"name":"(anonymous_6)","decl":{"start":{"line":16,"column":29},"end":{"line":16,"column":32}},"loc":{"start":{"line":16,"column":36},"end":{"line":46,"column":2}}},"1":{"name":"(anonymous_7)","decl":{"start":{"line":71,"column":54},"end":{"line":71,"column":55}},"loc":{"start":{"line":87,"column":5},"end":{"line":265,"column":1}}},"2":{"name":"onDragStartTouch","decl":{"start":{"line":105,"column":11},"end":{"line":105,"column":27}},"loc":{"start":{"line":105,"column":51},"end":{"line":115,"column":3}}},"3":{"name":"(anonymous_9)","decl":{"start":{"line":108,"column":13},"end":{"line":108,"column":14}},"loc":{"start":{"line":108,"column":29},"end":{"line":114,"column":6}}},"4":{"name":"onDragEndTouch","decl":{"start":{"line":117,"column":11},"end":{"line":117,"column":25}},"loc":{"start":{"line":117,"column":25},"end":{"line":138,"column":3}}},"5":{"name":"(anonymous_11)","decl":{"start":{"line":119,"column":15},"end":{"line":119,"column":16}},"loc":{"start":{"line":119,"column":31},"end":{"line":122,"column":8}}},"6":{"name":"(anonymous_12)","decl":{"start":{"line":124,"column":17},"end":{"line":124,"column":18}},"loc":{"start":{"line":124,"column":33},"end":{"line":128,"column":10}}},"7":{"name":"(anonymous_13)","decl":{"start":{"line":130,"column":17},"end":{"line":130,"column":18}},"loc":{"start":{"line":130,"column":33},"end":{"line":133,"column":10}}},"8":{"name":"(anonymous_14)","decl":{"start":{"line":135,"column":17},"end":{"line":135,"column":18}},"loc":{"start":{"line":135,"column":33},"end":{"line":135,"column":58}}},"9":{"name":"onTouchMove","decl":{"start":{"line":140,"column":11},"end":{"line":140,"column":22}},"loc":{"start":{"line":140,"column":46},"end":{"line":156,"column":3}}},"10":{"name":"(anonymous_16)","decl":{"start":{"line":144,"column":15},"end":{"line":144,"column":16}},"loc":{"start":{"line":144,"column":31},"end":{"line":148,"column":8}}},"11":{"name":"(anonymous_17)","decl":{"start":{"line":150,"column":15},"end":{"line":150,"column":16}},"loc":{"start":{"line":150,"column":31},"end":{"line":154,"column":8}}},"12":{"name":"onTransitionEnd","decl":{"start":{"line":158,"column":11},"end":{"line":158,"column":26}},"loc":{"start":{"line":158,"column":55},"end":{"line":183,"column":3}}},"13":{"name":"(anonymous_19)","decl":{"start":{"line":165,"column":17},"end":{"line":165,"column":18}},"loc":{"start":{"line":165,"column":33},"end":{"line":169,"column":10}}},"14":{"name":"(anonymous_20)","decl":{"start":{"line":172,"column":15},"end":{"line":172,"column":16}},"loc":{"start":{"line":172,"column":31},"end":{"line":176,"column":8}}},"15":{"name":"(anonymous_21)","decl":{"start":{"line":178,"column":15},"end":{"line":178,"column":16}},"loc":{"start":{"line":178,"column":31},"end":{"line":181,"column":8}}},"16":{"name":"(anonymous_22)","decl":{"start":{"line":187,"column":21},"end":{"line":187,"column":32}},"loc":{"start":{"line":187,"column":34},"end":{"line":193,"column":3}}}},"branchMap":{"0":{"loc":{"start":{"line":74,"column":27},"end":{"line":74,"column":32}},"type":"default-arg","locations":[{"start":{"line":74,"column":27},"end":{"line":74,"column":32}}]},"1":{"loc":{"start":{"line":76,"column":24},"end":{"line":76,"column":26}},"type":"default-arg","locations":[{"start":{"line":76,"column":24},"end":{"line":76,"column":26}}]},"2":{"loc":{"start":{"line":77,"column":22},"end":{"line":77,"column":24}},"type":"default-arg","locations":[{"start":{"line":77,"column":22},"end":{"line":77,"column":24}}]},"3":{"loc":{"start":{"line":78,"column":18},"end":{"line":78,"column":20}},"type":"default-arg","locations":[{"start":{"line":78,"column":18},"end":{"line":78,"column":20}}]},"4":{"loc":{"start":{"line":79,"column":33},"end":{"line":79,"column":35}},"type":"default-arg","locations":[{"start":{"line":79,"column":33},"end":{"line":79,"column":35}}]},"5":{"loc":{"start":{"line":80,"column":22},"end":{"line":80,"column":24}},"type":"default-arg","locations":[{"start":{"line":80,"column":22},"end":{"line":80,"column":24}}]},"6":{"loc":{"start":{"line":86,"column":14},"end":{"line":86,"column":17}},"type":"default-arg","locations":[{"start":{"line":86,"column":14},"end":{"line":86,"column":17}}]},"7":{"loc":{"start":{"line":118,"column":4},"end":{"line":137,"column":null}},"type":"if","locations":[{"start":{"line":118,"column":4},"end":{"line":137,"column":null}},{"start":{"line":118,"column":4},"end":{"line":137,"column":null}}]},"8":{"loc":{"start":{"line":123,"column":6},"end":{"line":136,"column":null}},"type":"if","locations":[{"start":{"line":123,"column":6},"end":{"line":136,"column":null}},{"start":{"line":123,"column":6},"end":{"line":136,"column":null}}]},"9":{"loc":{"start":{"line":129,"column":13},"end":{"line":136,"column":null}},"type":"if","locations":[{"start":{"line":129,"column":13},"end":{"line":136,"column":null}},{"start":{"line":129,"column":13},"end":{"line":136,"column":null}}]},"10":{"loc":{"start":{"line":143,"column":4},"end":{"line":155,"column":null}},"type":"if","locations":[{"start":{"line":143,"column":4},"end":{"line":155,"column":null}},{"start":{"line":143,"column":4},"end":{"line":155,"column":null}}]},"11":{"loc":{"start":{"line":149,"column":11},"end":{"line":155,"column":null}},"type":"if","locations":[{"start":{"line":149,"column":11},"end":{"line":155,"column":null}},{"start":{"line":149,"column":11},"end":{"line":155,"column":null}}]},"12":{"loc":{"start":{"line":161,"column":26},"end":{"line":161,"column":48}},"type":"binary-expr","locations":[{"start":{"line":161,"column":26},"end":{"line":161,"column":48}},{"start":{"line":161,"column":52},"end":{"line":161,"column":81}}]},"13":{"loc":{"start":{"line":162,"column":4},"end":{"line":182,"column":null}},"type":"if","locations":[{"start":{"line":162,"column":4},"end":{"line":182,"column":null}},{"start":{"line":162,"column":4},"end":{"line":182,"column":null}}]},"14":{"loc":{"start":{"line":162,"column":8},"end":{"line":162,"column":23}},"type":"binary-expr","locations":[{"start":{"line":162,"column":8},"end":{"line":162,"column":23}},{"start":{"line":162,"column":27},"end":{"line":162,"column":40}},{"start":{"line":162,"column":44},"end":{"line":162,"column":52}},{"start":{"line":162,"column":56},"end":{"line":162,"column":113}}]},"15":{"loc":{"start":{"line":164,"column":6},"end":{"line":169,"column":12}},"type":"if","locations":[{"start":{"line":164,"column":6},"end":{"line":169,"column":12}},{"start":{"line":164,"column":6},"end":{"line":169,"column":12}}]},"16":{"loc":{"start":{"line":170,"column":11},"end":{"line":182,"column":null}},"type":"if","locations":[{"start":{"line":170,"column":11},"end":{"line":182,"column":null}},{"start":{"line":170,"column":11},"end":{"line":182,"column":null}}]},"17":{"loc":{"start":{"line":170,"column":15},"end":{"line":170,"column":31}},"type":"binary-expr","locations":[{"start":{"line":170,"column":15},"end":{"line":170,"column":31}},{"start":{"line":170,"column":35},"end":{"line":170,"column":43}},{"start":{"line":170,"column":47},"end":{"line":170,"column":99}}]},"18":{"loc":{"start":{"line":189,"column":4},"end":{"line":191,"column":null}},"type":"if","locations":[{"start":{"line":189,"column":4},"end":{"line":191,"column":null}},{"start":{"line":189,"column":4},"end":{"line":191,"column":null}}]},"19":{"loc":{"start":{"line":202,"column":47},"end":{"line":202,"column":63}},"type":"cond-expr","locations":[{"start":{"line":202,"column":47},"end":{"line":202,"column":63}},{"start":{"line":202,"column":66},"end":{"line":202,"column":75}}]},"20":{"loc":{"start":{"line":210,"column":47},"end":{"line":210,"column":66}},"type":"cond-expr","locations":[{"start":{"line":210,"column":47},"end":{"line":210,"column":66}},{"start":{"line":210,"column":69},"end":{"line":210,"column":89}}]},"21":{"loc":{"start":{"line":211,"column":46},"end":{"line":211,"column":56}},"type":"cond-expr","locations":[{"start":{"line":211,"column":46},"end":{"line":211,"column":56}},{"start":{"line":211,"column":59},"end":{"line":211,"column":71}}]},"22":{"loc":{"start":{"line":215,"column":29},"end":{"line":215,"column":43}},"type":"cond-expr","locations":[{"start":{"line":215,"column":29},"end":{"line":215,"column":43}},{"start":{"line":215,"column":46},"end":{"line":215,"column":61}}]},"23":{"loc":{"start":{"line":231,"column":11},"end":{"line":231,"column":19}},"type":"binary-expr","locations":[{"start":{"line":231,"column":11},"end":{"line":231,"column":19}},{"start":{"line":232,"column":12},"end":{"line":236,"column":null}}]},"24":{"loc":{"start":{"line":239,"column":11},"end":{"line":239,"column":17}},"type":"binary-expr","locations":[{"start":{"line":239,"column":11},"end":{"line":239,"column":17}},{"start":{"line":240,"column":12},"end":{"line":244,"column":null}}]},"25":{"loc":{"start":{"line":252,"column":11},"end":{"line":252,"column":26}},"type":"binary-expr","locations":[{"start":{"line":252,"column":11},"end":{"line":252,"column":26}},{"start":{"line":253,"column":12},"end":{"line":258,"column":null}}]},"26":{"loc":{"start":{"line":256,"column":57},"end":{"line":256,"column":63}},"type":"cond-expr","locations":[{"start":{"line":256,"column":57},"end":{"line":256,"column":63}},{"start":{"line":256,"column":66},"end":{"line":256,"column":73}}]},"27":{"loc":{"start":{"line":256,"column":32},"end":{"line":256,"column":39}},"type":"binary-expr","locations":[{"start":{"line":256,"column":32},"end":{"line":256,"column":39}},{"start":{"line":256,"column":43},"end":{"line":256,"column":54}}]}},"s":{"0":1,"1":1,"2":1,"3":7,"4":1,"5":22,"6":22,"7":22,"8":22,"9":22,"10":22,"11":4,"12":4,"13":4,"14":4,"15":5,"16":4,"17":4,"18":4,"19":2,"20":2,"21":2,"22":1,"23":1,"24":1,"25":1,"26":5,"27":5,"28":5,"29":3,"30":3,"31":2,"32":1,"33":1,"34":4,"35":4,"36":4,"37":4,"38":2,"39":2,"40":1,"41":1,"42":2,"43":1,"44":1,"45":1,"46":1,"47":1,"48":22,"49":22,"50":22,"51":22,"52":16,"53":6,"54":22,"55":1},"f":{"0":7,"1":22,"2":4,"3":4,"4":5,"5":4,"6":2,"7":1,"8":1,"9":5,"10":3,"11":1,"12":4,"13":1,"14":1,"15":1,"16":22},"b":{"0":[5],"1":[22],"2":[22],"3":[22],"4":[22],"5":[22],"6":[22],"7":[4,1],"8":[2,2],"9":[1,1],"10":[3,2],"11":[1,1],"12":[4,1],"13":[2,2],"14":[4,3,3,3],"15":[1,1],"16":[1,1],"17":[2,1,1],"18":[16,6],"19":[5,17],"20":[19,3],"21":[19,3],"22":[19,3],"23":[22,2],"24":[22,1],"25":[22,7],"26":[3,4],"27":[7,5]}}
}
