TN:
SF:src/index.tsx
FN:16,(anonymous_6)
FN:71,(anonymous_7)
FN:105,onDragStartTouch
FN:108,(anonymous_9)
FN:117,onDragEndTouch
FN:119,(anonymous_11)
FN:124,(anonymous_12)
FN:130,(anonymous_13)
FN:135,(anonymous_14)
FN:140,onTouchMove
FN:144,(anonymous_16)
FN:150,(anonymous_17)
FN:158,onTransitionEnd
FN:171,(anonymous_19)
FN:183,(anonymous_20)
FN:189,(anonymous_21)
FN:198,(anonymous_22)
FNF:17
FNH:17
FNDA:6,(anonymous_6)
FNDA:22,(anonymous_7)
FNDA:4,onDragStartTouch
FNDA:4,(anonymous_9)
FNDA:4,onDragEndTouch
FNDA:4,(anonymous_11)
FNDA:2,(anonymous_12)
FNDA:1,(anonymous_13)
FNDA:1,(anonymous_14)
FNDA:4,onTouchMove
FNDA:3,(anonymous_16)
FNDA:1,(anonymous_17)
FNDA:4,onTransitionEnd
FNDA:1,(anonymous_19)
FNDA:1,(anonymous_20)
FNDA:2,(anonymous_21)
FNDA:22,(anonymous_22)
DA:1,1
DA:2,1
DA:16,6
DA:71,1
DA:88,22
DA:89,22
DA:90,22
DA:91,22
DA:101,22
DA:103,22
DA:106,4
DA:107,4
DA:108,4
DA:118,4
DA:119,4
DA:123,4
DA:124,2
DA:129,2
DA:130,1
DA:135,1
DA:141,4
DA:142,4
DA:143,4
DA:144,3
DA:149,1
DA:150,1
DA:159,4
DA:160,4
DA:161,4
DA:162,4
DA:169,1
DA:170,1
DA:171,1
DA:176,3
DA:182,1
DA:183,1
DA:189,2
DA:196,22
DA:198,22
DA:199,22
DA:200,22
DA:201,15
DA:203,7
DA:206,22
DA:268,1
LF:45
LH:45
BRDA:74,0,0,6
BRDA:76,1,0,22
BRDA:77,2,0,22
BRDA:78,3,0,22
BRDA:79,4,0,22
BRDA:80,5,0,22
BRDA:86,6,0,22
BRDA:118,7,0,4
BRDA:118,7,1,0
BRDA:123,8,0,2
BRDA:123,8,1,2
BRDA:129,9,0,1
BRDA:129,9,1,1
BRDA:143,10,0,3
BRDA:143,10,1,1
BRDA:149,11,0,1
BRDA:149,11,1,0
BRDA:161,12,0,4
BRDA:161,12,1,1
BRDA:162,13,0,1
BRDA:162,13,1,3
BRDA:163,14,0,4
BRDA:163,14,1,3
BRDA:163,14,2,2
BRDA:163,14,3,2
BRDA:163,14,4,2
BRDA:170,15,0,1
BRDA:170,15,1,0
BRDA:176,16,0,1
BRDA:176,16,1,2
BRDA:177,17,0,3
BRDA:177,17,1,1
BRDA:177,17,2,1
BRDA:177,17,3,1
BRDA:200,18,0,15
BRDA:200,18,1,7
BRDA:213,19,0,6
BRDA:213,19,1,16
BRDA:221,20,0,19
BRDA:221,20,1,3
BRDA:222,21,0,19
BRDA:222,21,1,3
BRDA:226,22,0,19
BRDA:226,22,1,3
BRDA:242,23,0,22
BRDA:242,23,1,1
BRDA:247,24,0,22
BRDA:247,24,1,1
BRDA:253,25,0,22
BRDA:253,25,1,6
BRDA:257,26,0,3
BRDA:257,26,1,3
BRDA:257,27,0,6
BRDA:257,27,1,4
BRF:54
BRH:51
end_of_record
