TN:
SF:src/index.tsx
FN:16,(anonymous_6)
FN:71,(anonymous_7)
FN:105,onDragStartTouch
FN:108,(anonymous_9)
FN:117,onDragEndTouch
FN:119,(anonymous_11)
FN:124,(anonymous_12)
FN:130,(anonymous_13)
FN:135,(anonymous_14)
FN:140,onTouchMove
FN:144,(anonymous_16)
FN:150,(anonymous_17)
FN:158,onTransitionEnd
FN:165,(anonymous_19)
FN:172,(anonymous_20)
FN:178,(anonymous_21)
FN:187,(anonymous_22)
FNF:17
FNH:17
FNDA:7,(anonymous_6)
FNDA:22,(anonymous_7)
FNDA:4,onDragStartTouch
FNDA:4,(anonymous_9)
FNDA:5,onDragEndTouch
FNDA:4,(anonymous_11)
FNDA:2,(anonymous_12)
FNDA:1,(anonymous_13)
FNDA:1,(anonymous_14)
FNDA:5,onTouchMove
FNDA:3,(anonymous_16)
FNDA:1,(anonymous_17)
FNDA:4,onTransitionEnd
FNDA:1,(anonymous_19)
FNDA:1,(anonymous_20)
FNDA:1,(anonymous_21)
FNDA:22,(anonymous_22)
DA:1,1
DA:2,1
DA:16,7
DA:71,1
DA:88,22
DA:89,22
DA:90,22
DA:91,22
DA:101,22
DA:103,22
DA:106,4
DA:107,4
DA:108,4
DA:118,5
DA:119,4
DA:123,4
DA:124,2
DA:129,2
DA:130,1
DA:135,1
DA:141,5
DA:142,5
DA:143,5
DA:144,3
DA:149,2
DA:150,1
DA:159,4
DA:160,4
DA:161,4
DA:162,4
DA:163,2
DA:164,2
DA:165,1
DA:170,2
DA:171,1
DA:172,1
DA:178,1
DA:185,22
DA:187,22
DA:188,22
DA:189,22
DA:190,16
DA:192,6
DA:195,22
DA:267,1
LF:45
LH:45
BRDA:74,0,0,5
BRDA:76,1,0,22
BRDA:77,2,0,22
BRDA:78,3,0,22
BRDA:79,4,0,22
BRDA:80,5,0,22
BRDA:86,6,0,22
BRDA:118,7,0,4
BRDA:118,7,1,1
BRDA:123,8,0,2
BRDA:123,8,1,2
BRDA:129,9,0,1
BRDA:129,9,1,1
BRDA:143,10,0,3
BRDA:143,10,1,2
BRDA:149,11,0,1
BRDA:149,11,1,1
BRDA:161,12,0,4
BRDA:161,12,1,1
BRDA:162,13,0,2
BRDA:162,13,1,2
BRDA:162,14,0,4
BRDA:162,14,1,3
BRDA:162,14,2,3
BRDA:162,14,3,3
BRDA:164,15,0,1
BRDA:164,15,1,1
BRDA:170,16,0,1
BRDA:170,16,1,1
BRDA:170,17,0,2
BRDA:170,17,1,1
BRDA:170,17,2,1
BRDA:189,18,0,16
BRDA:189,18,1,6
BRDA:202,19,0,5
BRDA:202,19,1,17
BRDA:210,20,0,19
BRDA:210,20,1,3
BRDA:211,21,0,19
BRDA:211,21,1,3
BRDA:215,22,0,19
BRDA:215,22,1,3
BRDA:231,23,0,22
BRDA:231,23,1,2
BRDA:239,24,0,22
BRDA:239,24,1,1
BRDA:252,25,0,22
BRDA:252,25,1,7
BRDA:256,26,0,3
BRDA:256,26,1,4
BRDA:256,27,0,7
BRDA:256,27,1,5
BRF:52
BRH:52
end_of_record
